Arguments: 
  D:\node\nodejs\node.exe D:\node\nodejs\node_global\node_modules\yarn\bin\yarn.js add @type/node

PATH: 
  C:\Program Files (x86)\Common Files\Oracle\Java\javapath;C:\Windows\system32;C:\Windows;C:\Windows\System32\Wbem;C:\Windows\System32\WindowsPowerShell\v1.0\;C:\Windows\System32\OpenSSH\;C:\Program Files (x86)\NVIDIA Corporation\PhysX\Common;C:\Program Files\NVIDIA Corporation\NVIDIA NvDLISR;D:\shujuku\phpstudy_pro\Extensions\MySQL5.7.26\bin;D:\git\Git\cmd;D:\Program Files (x86)\NetSarang\Xmanager 7\;D:\Program Files (x86)\NetSarang\Xshell 7\;D:\Program Files (x86)\NetSarang\Xftp 7\;D:\Program Files (x86)\NetSarang\Xlpd 7\;%NVM_HOME%;%NVM_SYMLINK%;D:\node\nodejs\;D:\douweixin\dll;D:\node\nodejs\node_global;D:\Microsoft VS Code\bin

Yarn version: 
  1.22.19

Node version: 
  14.1.0

Platform: 
  win32 x64

Trace: 
  Error: https://registry.npmjs.org/@type%2fnode: Not found
      at Request.params.callback [as _callback] (D:\node\nodejs\node_global\node_modules\yarn\lib\cli.js:66145:18)
      at Request.self.callback (D:\node\nodejs\node_global\node_modules\yarn\lib\cli.js:140890:22)
      at Request.emit (events.js:315:20)
      at Request.<anonymous> (D:\node\nodejs\node_global\node_modules\yarn\lib\cli.js:141862:10)
      at Request.emit (events.js:315:20)
      at IncomingMessage.<anonymous> (D:\node\nodejs\node_global\node_modules\yarn\lib\cli.js:141784:12)
      at Object.onceWrapper (events.js:421:28)
      at IncomingMessage.emit (events.js:327:22)
      at endReadableNT (_stream_readable.js:1223:12)
      at processTicksAndRejections (internal/process/task_queues.js:84:21)

npm manifest: 
  {
    "name": "miniprogram-ts-less-quickstart",
    "version": "1.0.0",
    "scripts": {},
    "keywords": [],
    "author": "",
    "license": "ISC",
    "dependencies": {
      "@vant/weapp": "^1.10.3"
    },
    "devDependencies": {
      "miniprogram-api-typings": "^2.12.0"
    },
    "main": ".eslintrc.js",
    "description": ""
  }

yarn manifest: 
  No manifest

Lockfile: 
  No lockfile
